<?xml version="1.0" encoding="UTF-8"?>
<testng-results ignored="0" total="3" passed="3" failed="0" skipped="0">
  <reporter-output>
  </reporter-output>
  <suite started-at="2022-12-21T19:20:19 IST" name="Default suite" finished-at="2022-12-21T19:20:52 IST" duration-ms="32948">
    <groups>
    </groups>
    <test started-at="2022-12-21T19:20:19 IST" name="Default test" finished-at="2022-12-21T19:20:52 IST" duration-ms="32948">
      <class name="testcases.AutomationTestCase">
        <test-method is-config="true" signature="browserlaunch()[pri:0, instance:testcases.AutomationTestCase@5a56cdac]" started-at="2022-12-21T19:20:19 IST" name="browserlaunch" finished-at="2022-12-21T19:20:23 IST" duration-ms="3259" status="PASS">
          <reporter-output>
          </reporter-output>
        </test-method> <!-- browserlaunch -->
        <test-method signature="Login()[pri:1, instance:testcases.AutomationTestCase@5a56cdac]" started-at="2022-12-21T19:20:23 IST" name="Login" finished-at="2022-12-21T19:20:28 IST" duration-ms="5656" status="PASS">
          <reporter-output>
          </reporter-output>
        </test-method> <!-- Login -->
        <test-method is-config="true" signature="screenshot(org.testng.ITestResult)[pri:0, instance:testcases.AutomationTestCase@5a56cdac]" started-at="2022-12-21T19:20:28 IST" name="screenshot" finished-at="2022-12-21T19:20:28 IST" duration-ms="2" status="PASS">
          <params>
            <param index="0">
              <value>
                <![CDATA[[TestResult name=Login status=SUCCESS method=AutomationTestCase.Login()[pri:1, instance:testcases.AutomationTestCase@5a56cdac] output={null}]]]>
              </value>
            </param>
          </params>
          <reporter-output>
          </reporter-output>
        </test-method> <!-- screenshot -->
        <test-method signature="selectProducts()[pri:2, instance:testcases.AutomationTestCase@5a56cdac]" started-at="2022-12-21T19:20:28 IST" name="selectProducts" finished-at="2022-12-21T19:20:32 IST" duration-ms="3729" status="PASS">
          <reporter-output>
          </reporter-output>
        </test-method> <!-- selectProducts -->
        <test-method signature="buyProducts()[pri:3, instance:testcases.AutomationTestCase@5a56cdac]" started-at="2022-12-21T19:20:32 IST" name="buyProducts" finished-at="2022-12-21T19:20:52 IST" duration-ms="20051" status="PASS">
          <reporter-output>
          </reporter-output>
        </test-method> <!-- buyProducts -->
        <test-method is-config="true" signature="screenshot(org.testng.ITestResult)[pri:0, instance:testcases.AutomationTestCase@5a56cdac]" started-at="2022-12-21T19:20:32 IST" name="screenshot" finished-at="2022-12-21T19:20:32 IST" duration-ms="0" status="PASS">
          <params>
            <param index="0">
              <value>
                <![CDATA[[TestResult name=selectProducts status=SUCCESS method=AutomationTestCase.selectProducts()[pri:2, instance:testcases.AutomationTestCase@5a56cdac] output={null}]]]>
              </value>
            </param>
          </params>
          <reporter-output>
          </reporter-output>
        </test-method> <!-- screenshot -->
        <test-method is-config="true" signature="screenshot(org.testng.ITestResult)[pri:0, instance:testcases.AutomationTestCase@5a56cdac]" started-at="2022-12-21T19:20:52 IST" name="screenshot" finished-at="2022-12-21T19:20:52 IST" duration-ms="0" status="PASS">
          <params>
            <param index="0">
              <value>
                <![CDATA[[TestResult name=buyProducts status=SUCCESS method=AutomationTestCase.buyProducts()[pri:3, instance:testcases.AutomationTestCase@5a56cdac] output={null}]]]>
              </value>
            </param>
          </params>
          <reporter-output>
          </reporter-output>
        </test-method> <!-- screenshot -->
        <test-method is-config="true" signature="closeBrowser()[pri:0, instance:testcases.AutomationTestCase@5a56cdac]" started-at="2022-12-21T19:20:52 IST" name="closeBrowser" finished-at="2022-12-21T19:20:52 IST" duration-ms="189" status="PASS">
          <reporter-output>
          </reporter-output>
        </test-method> <!-- closeBrowser -->
      </class> <!-- testcases.AutomationTestCase -->
    </test> <!-- Default test -->
  </suite> <!-- Default suite -->
</testng-results>
