<?xml version="1.0" encoding="UTF-8"?>
<testng-results ignored="0" total="4" passed="4" failed="0" skipped="0">
  <reporter-output>
  </reporter-output>
  <suite started-at="2022-12-21T20:28:54 IST" name="Default suite" finished-at="2022-12-21T20:29:06 IST" duration-ms="12609">
    <groups>
    </groups>
    <test started-at="2022-12-21T20:28:54 IST" name="Default test" finished-at="2022-12-21T20:29:06 IST" duration-ms="12609">
      <class name="testcases.AutomationTestCase">
        <test-method is-config="true" signature="browserlaunch()[pri:0, instance:testcases.AutomationTestCase@57cf54e1]" started-at="2022-12-21T20:28:54 IST" name="browserlaunch" finished-at="2022-12-21T20:28:59 IST" duration-ms="5128" status="PASS">
          <reporter-output>
          </reporter-output>
        </test-method> <!-- browserlaunch -->
        <test-method signature="Login()[pri:1, instance:testcases.AutomationTestCase@57cf54e1]" started-at="2022-12-21T20:28:59 IST" name="Login" finished-at="2022-12-21T20:29:04 IST" duration-ms="5553" status="PASS">
          <reporter-output>
          </reporter-output>
        </test-method> <!-- Login -->
        <test-method is-config="true" signature="screenshot(org.testng.ITestResult)[pri:0, instance:testcases.AutomationTestCase@57cf54e1]" started-at="2022-12-21T20:29:04 IST" name="screenshot" finished-at="2022-12-21T20:29:04 IST" duration-ms="0" status="PASS">
          <params>
            <param index="0">
              <value>
                <![CDATA[[TestResult name=Login status=SUCCESS method=AutomationTestCase.Login()[pri:1, instance:testcases.AutomationTestCase@57cf54e1] output={null}]]]>
              </value>
            </param>
          </params>
          <reporter-output>
          </reporter-output>
        </test-method> <!-- screenshot -->
        <test-method signature="HomePageVerify()[pri:2, instance:testcases.AutomationTestCase@57cf54e1]" started-at="2022-12-21T20:29:04 IST" name="HomePageVerify" finished-at="2022-12-21T20:29:05 IST" duration-ms="61" status="PASS">
          <reporter-output>
          </reporter-output>
        </test-method> <!-- HomePageVerify -->
        <test-method is-config="true" signature="screenshot(org.testng.ITestResult)[pri:0, instance:testcases.AutomationTestCase@57cf54e1]" started-at="2022-12-21T20:29:05 IST" name="screenshot" finished-at="2022-12-21T20:29:05 IST" duration-ms="0" status="PASS">
          <params>
            <param index="0">
              <value>
                <![CDATA[[TestResult name=HomePageVerify status=SUCCESS method=AutomationTestCase.HomePageVerify()[pri:2, instance:testcases.AutomationTestCase@57cf54e1] output={null}]]]>
              </value>
            </param>
          </params>
          <reporter-output>
          </reporter-output>
        </test-method> <!-- screenshot -->
        <test-method signature="selectProducts()[pri:3, instance:testcases.AutomationTestCase@57cf54e1]" started-at="2022-12-21T20:29:05 IST" name="selectProducts" finished-at="2022-12-21T20:29:05 IST" duration-ms="293" status="PASS">
          <reporter-output>
          </reporter-output>
        </test-method> <!-- selectProducts -->
        <test-method signature="buyProducts()[pri:4, instance:testcases.AutomationTestCase@57cf54e1]" started-at="2022-12-21T20:29:05 IST" name="buyProducts" finished-at="2022-12-21T20:29:06 IST" duration-ms="762" status="PASS">
          <reporter-output>
          </reporter-output>
        </test-method> <!-- buyProducts -->
        <test-method is-config="true" signature="screenshot(org.testng.ITestResult)[pri:0, instance:testcases.AutomationTestCase@57cf54e1]" started-at="2022-12-21T20:29:05 IST" name="screenshot" finished-at="2022-12-21T20:29:05 IST" duration-ms="0" status="PASS">
          <params>
            <param index="0">
              <value>
                <![CDATA[[TestResult name=selectProducts status=SUCCESS method=AutomationTestCase.selectProducts()[pri:3, instance:testcases.AutomationTestCase@57cf54e1] output={null}]]]>
              </value>
            </param>
          </params>
          <reporter-output>
          </reporter-output>
        </test-method> <!-- screenshot -->
        <test-method is-config="true" signature="screenshot(org.testng.ITestResult)[pri:0, instance:testcases.AutomationTestCase@57cf54e1]" started-at="2022-12-21T20:29:06 IST" name="screenshot" finished-at="2022-12-21T20:29:06 IST" duration-ms="0" status="PASS">
          <params>
            <param index="0">
              <value>
                <![CDATA[[TestResult name=buyProducts status=SUCCESS method=AutomationTestCase.buyProducts()[pri:4, instance:testcases.AutomationTestCase@57cf54e1] output={null}]]]>
              </value>
            </param>
          </params>
          <reporter-output>
          </reporter-output>
        </test-method> <!-- screenshot -->
        <test-method is-config="true" signature="closeBrowser()[pri:0, instance:testcases.AutomationTestCase@57cf54e1]" started-at="2022-12-21T20:29:06 IST" name="closeBrowser" finished-at="2022-12-21T20:29:06 IST" duration-ms="766" status="PASS">
          <reporter-output>
          </reporter-output>
        </test-method> <!-- closeBrowser -->
      </class> <!-- testcases.AutomationTestCase -->
    </test> <!-- Default test -->
  </suite> <!-- Default suite -->
</testng-results>
