<?xml version="1.0" encoding="UTF-8"?>
<!-- Generated by org.testng.reporters.JUnitXMLReporter -->
<testsuite ignored="0" hostname="Sanwari" failures="0" tests="3" name="Default test" time="15.812" errors="0" timestamp="2022-12-21T19:42:06 IST">
  <testcase classname="testcases.AutomationTestCase" name="Login" time="5.408"/>
  <testcase classname="testcases.AutomationTestCase" name="selectProducts" time="5.743"/>
  <testcase classname="testcases.AutomationTestCase" name="buyProducts" time="1.012"/>
</testsuite> <!-- Default test -->
