<?xml version="1.0" encoding="UTF-8"?>
<!-- Generated by org.testng.reporters.JUnitXMLReporter -->
<testsuite ignored="0" hostname="Sanwari" failures="0" tests="4" name="Default test" time="34.903" errors="0" timestamp="2022-12-21T20:21:14 IST">
  <testcase classname="testcases.AutomationTestCase" name="Login" time="5.379"/>
  <testcase classname="testcases.AutomationTestCase" name="HomePageVerify" time="3.321"/>
  <testcase classname="testcases.AutomationTestCase" name="selectProducts" time="2.745"/>
  <testcase classname="testcases.AutomationTestCase" name="buyProducts" time="3.622"/>
</testsuite> <!-- Default test -->
